Flow report for riscv_top
Sat Apr  7 14:31:09 2018
Quartus II Version 11.0 Build 208 07/03/2011 Service Pack 1 SJ Web Edition


---------------------
; Table of Contents ;
---------------------
  1. Legal Notice
  2. Flow Summary
  3. Flow Settings
  4. Flow Non-Default Global Settings
  5. Flow Elapsed Time
  6. Flow OS Summary
  7. Flow Log



----------------
; Legal Notice ;
----------------
Copyright (C) 1991-2011 Altera Corporation
Your use of Altera Corporation's design tools, logic functions 
and other software and tools, and its AMPP partner logic 
functions, and any output files from any of the foregoing 
(including device programming or simulation files), and any 
associated documentation or information are expressly subject 
to the terms and conditions of the Altera Program License 
Subscription Agreement, Altera MegaCore Function License 
Agreement, or other applicable license agreement, including, 
without limitation, that your use is for the sole purpose of 
programming logic devices manufactured by Altera and sold by 
Altera or its authorized distributors.  Please refer to the 
applicable agreement for further details.



+-----------------------------------------------------------------------+
; Flow Summary                                                          ;
+-----------------------+-----------------------------------------------+
; Flow Status           ; Successful - Sat Apr  7 14:31:09 2018         ;
; Quartus II Version    ; 11.0 Build 208 07/03/2011 SP 1 SJ Web Edition ;
; Revision Name         ; riscv_top                                     ;
; Top-level Entity Name ; riscv_top                                     ;
; Family                ; Cyclone                                       ;
; Device                ; EP1C20F400C7                                  ;
; Timing Models         ; Final                                         ;
; Total logic elements  ; 3,961 / 20,060 ( 20 % )                       ;
; Total pins            ; 10 / 301 ( 3 % )                              ;
; Total virtual pins    ; 0                                             ;
; Total memory bits     ; 161,792 / 294,912 ( 55 % )                    ;
; Total PLLs            ; 0 / 2 ( 0 % )                                 ;
+-----------------------+-----------------------------------------------+


+-----------------------------------------+
; Flow Settings                           ;
+-------------------+---------------------+
; Option            ; Setting             ;
+-------------------+---------------------+
; Start date & time ; 04/07/2018 14:29:54 ;
; Main task         ; Compilation         ;
; Revision Name     ; riscv_top           ;
+-------------------+---------------------+


+----------------------------------------------------------------------------------------------------------------+
; Flow Non-Default Global Settings                                                                               ;
+-------------------------------------+---------------------------+---------------+-------------+----------------+
; Assignment Name                     ; Value                     ; Default Value ; Entity Name ; Section Id     ;
+-------------------------------------+---------------------------+---------------+-------------+----------------+
; AUTO_RESOURCE_SHARING               ; On                        ; Off           ; --          ; --             ;
; COMPILER_SIGNATURE_ID               ; 0.152307899419952         ; --            ; --          ; --             ;
; EDA_OUTPUT_DATA_FORMAT              ; Verilog Hdl               ; --            ; --          ; eda_simulation ;
; EDA_SIMULATION_TOOL                 ; ModelSim-Altera (Verilog) ; <None>        ; --          ; --             ;
; IP_TOOL_NAME                        ; RAM: 1-PORT               ; --            ; --          ; --             ;
; IP_TOOL_NAME                        ; ROM: 1-PORT               ; --            ; --          ; --             ;
; IP_TOOL_VERSION                     ; 11.0                      ; --            ; --          ; --             ;
; IP_TOOL_VERSION                     ; 11.0                      ; --            ; --          ; --             ;
; MAX_CORE_JUNCTION_TEMP              ; 85                        ; --            ; --          ; --             ;
; MIN_CORE_JUNCTION_TEMP              ; 0                         ; --            ; --          ; --             ;
; PARTITION_COLOR                     ; 16764057                  ; --            ; --          ; Top            ;
; PARTITION_FITTER_PRESERVATION_LEVEL ; PLACEMENT_AND_ROUTING     ; --            ; --          ; Top            ;
; PARTITION_NETLIST_TYPE              ; SOURCE                    ; --            ; --          ; Top            ;
; REMOVE_REDUNDANT_LOGIC_CELLS        ; On                        ; Off           ; --          ; --             ;
; SYNTH_TIMING_DRIVEN_SYNTHESIS       ; Off                       ; --            ; --          ; --             ;
; WEAK_PULL_UP_RESISTOR               ; On                        ; Off           ; --          ; --             ;
+-------------------------------------+---------------------------+---------------+-------------+----------------+


+-------------------------------------------------------------------------------------------------------------------------------+
; Flow Elapsed Time                                                                                                             ;
+---------------------------+--------------+-------------------------+---------------------+------------------------------------+
; Module Name               ; Elapsed Time ; Average Processors Used ; Peak Virtual Memory ; Total CPU Time (on all processors) ;
+---------------------------+--------------+-------------------------+---------------------+------------------------------------+
; Analysis & Synthesis      ; 00:00:19     ; 1.0                     ; --                  ; 00:00:19                           ;
; Fitter                    ; 00:00:46     ; 1.0                     ; --                  ; 00:00:46                           ;
; Assembler                 ; 00:00:02     ; 1.0                     ; --                  ; 00:00:01                           ;
; TimeQuest Timing Analyzer ; 00:00:02     ; 1.0                     ; --                  ; 00:00:02                           ;
; EDA Netlist Writer        ; 00:00:02     ; 1.0                     ; --                  ; 00:00:01                           ;
; Total                     ; 00:01:11     ; --                      ; --                  ; 00:01:09                           ;
+---------------------------+--------------+-------------------------+---------------------+------------------------------------+


+---------------------------------------------------------------------------------------------+
; Flow OS Summary                                                                             ;
+---------------------------+------------------+--------------+--------------+----------------+
; Module Name               ; Machine Hostname ; OS Name      ; OS Version   ; Processor type ;
+---------------------------+------------------+--------------+--------------+----------------+
; Analysis & Synthesis      ; NightFlight      ; CentOS Linux ; CentOS Linux ; x86_64         ;
; Fitter                    ; NightFlight      ; CentOS Linux ; CentOS Linux ; x86_64         ;
; Assembler                 ; NightFlight      ; CentOS Linux ; CentOS Linux ; x86_64         ;
; TimeQuest Timing Analyzer ; NightFlight      ; CentOS Linux ; CentOS Linux ; x86_64         ;
; EDA Netlist Writer        ; NightFlight      ; CentOS Linux ; CentOS Linux ; x86_64         ;
+---------------------------+------------------+--------------+--------------+----------------+


------------
; Flow Log ;
------------
quartus_map --read_settings_files=on --write_settings_files=off riscv -c riscv_top
quartus_fit --read_settings_files=off --write_settings_files=off riscv -c riscv_top
quartus_asm --read_settings_files=off --write_settings_files=off riscv -c riscv_top
quartus_sta riscv -c riscv_top
quartus_eda --read_settings_files=off --write_settings_files=off riscv -c riscv_top



